<html>
<head>
<title>TestNG:  Test</title>
<link href="../testng.css" rel="stylesheet" type="text/css" />
<link href="../my-testng.css" rel="stylesheet" type="text/css" />

<style type="text/css">
.log { display: none;} 
.stack-trace { display: none;} 
</style>
<script type="text/javascript">
<!--
function flip(e) {
  current = e.style.display;
  if (current == 'block') {
    e.style.display = 'none';
    return 0;
  }
  else {
    e.style.display = 'block';
    return 1;
  }
}

function toggleBox(szDivId, elem, msg1, msg2)
{
  var res = -1;  if (document.getElementById) {
    res = flip(document.getElementById(szDivId));
  }
  else if (document.all) {
    // this is the way old msie versions work
    res = flip(document.all[szDivId]);
  }
  if(elem) {
    if(res == 0) elem.innerHTML = msg1; else elem.innerHTML = msg2;
  }

}

function toggleAllBoxes() {
  if (document.getElementsByTagName) {
    d = document.getElementsByTagName('div');
    for (i = 0; i < d.length; i++) {
      if (d[i].className == 'log') {
        flip(d[i]);
      }
    }
  }
}

// -->
</script>

</head>
<body>
<h2 align='center'>Test</h2><table border='1' align="center">
<tr>
<td>Tests passed/Failed/Skipped:</td><td>6/2/0</td>
</tr><tr>
<td>Started on:</td><td>Wed Apr 20 16:00:10 IST 2016</td>
</tr>
<tr><td>Total time:</td><td>211 seconds (211850 ms)</td>
</tr><tr>
<td>Included groups:</td><td></td>
</tr><tr>
<td>Excluded groups:</td><td></td>
</tr>
</table><p/>
<small><i>(Hover the method name to see the test class name)</i></small><p/>
<table width='100%' border='1' class='invocation-failed'>
<tr><td colspan='4' align='center'><b>FAILED TESTS</b></td></tr>
<tr><td><b>Test method</b></td>
<td width="30%"><b>Exception</b></td>
<td width="10%"><b>Time (seconds)</b></td>
<td><b>Instance</b></td>
</tr>
<tr>
<td title='com.magicbricks.regressiontest.RegistrationScenario.RegistrationScenarioTestTC_02()'><b>RegistrationScenarioTestTC_02</b><br>Test class: com.magicbricks.regressiontest.RegistrationScenario</td>
<td><div><pre>org.openqa.selenium.WebDriverException: An unknown server-side error occurred while processing the command. (Original error: Soft keyboard not present, cannot hide keyboard) (WARNING: The server did not provide any stacktrace information)
Command duration or timeout: 109 milliseconds
Build info: version: &apos;2.53.0&apos;, revision: &apos;35ae25b1534ae328c771e0856c93e187490ca824&apos;, time: &apos;2016-03-15 10:43:46&apos;
System info: host: &apos;PoojaGadekar&apos;, ip: &apos;192.168.3.35&apos;, os.name: &apos;Windows 8.1&apos;, os.arch: &apos;amd64&apos;, os.version: &apos;6.3&apos;, java.version: &apos;1.8.0_65&apos;
Driver info: io.appium.java_client.android.AndroidDriver
Capabilities [{app=D:\AndroidWorkspace\demo\Resources\app\Smart Diary_2.0.4.apk, networkConnectionEnabled=true, warnings={}, autoDismissAlerts=true, databaseEnabled=false, deviceName=XT1033, platform=LINUX, desired={app=D:\AndroidWorkspace\demo\Resources\app\Smart Diary_2.0.4.apk, platformVersion=5.1, automationName=Appium, autoDismissAlerts=true, platformName=Android, device=Android, deviceName=XT1033, autoAcceptAlerts=true}, platformVersion=5.1, webStorageEnabled=false, locationContextEnabled=false, automationName=Appium, browserName=Android, takesScreenshot=true, javascriptEnabled=true, platformName=Android, device=Android, autoAcceptAlerts=true}]
Session ID: 464bfd1f-e5d4-4945-ac40-a4487cc9e24f
	at org.openqa.selenium.remote.ErrorHandler.createThrowable(ErrorHandler.java:206)
	at org.openqa.selenium.remote.ErrorHandler.throwIfResponseFailed(ErrorHandler.java:158)
	at org.openqa.selenium.remote.RemoteWebDriver.execute(RemoteWebDriver.java:678)
	at io.appium.java_client.DefaultGenericMobileDriver.execute(DefaultGenericMobileDriver.java:42)
	at io.appium.java_client.AppiumDriver.execute(AppiumDriver.java:206)
	at io.appium.java_client.AppiumDriver.hideKeyboard(AppiumDriver.java:278)
	at com.magicbricks.pagerepo.RegistrationPage.validRegistration(RegistrationPage.java:51)
	at com.magicbricks.regressiontest.RegistrationScenario.RegistrationScenarioTestTC_02(RegistrationScenario.java:44)
... Removed 28 stack frames</pre></div><a href='#' onClick='toggleBox("stack-trace278240974", this, "Click to show all stack frames", "Click to hide stack frames")'>Click to show all stack frames</a>
<div class='stack-trace' id='stack-trace278240974'><pre>org.openqa.selenium.WebDriverException: An unknown server-side error occurred while processing the command. (Original error: Soft keyboard not present, cannot hide keyboard) (WARNING: The server did not provide any stacktrace information)
Command duration or timeout: 109 milliseconds
Build info: version: &apos;2.53.0&apos;, revision: &apos;35ae25b1534ae328c771e0856c93e187490ca824&apos;, time: &apos;2016-03-15 10:43:46&apos;
System info: host: &apos;PoojaGadekar&apos;, ip: &apos;192.168.3.35&apos;, os.name: &apos;Windows 8.1&apos;, os.arch: &apos;amd64&apos;, os.version: &apos;6.3&apos;, java.version: &apos;1.8.0_65&apos;
Driver info: io.appium.java_client.android.AndroidDriver
Capabilities [{app=D:\AndroidWorkspace\demo\Resources\app\Smart Diary_2.0.4.apk, networkConnectionEnabled=true, warnings={}, autoDismissAlerts=true, databaseEnabled=false, deviceName=XT1033, platform=LINUX, desired={app=D:\AndroidWorkspace\demo\Resources\app\Smart Diary_2.0.4.apk, platformVersion=5.1, automationName=Appium, autoDismissAlerts=true, platformName=Android, device=Android, deviceName=XT1033, autoAcceptAlerts=true}, platformVersion=5.1, webStorageEnabled=false, locationContextEnabled=false, automationName=Appium, browserName=Android, takesScreenshot=true, javascriptEnabled=true, platformName=Android, device=Android, autoAcceptAlerts=true}]
Session ID: 464bfd1f-e5d4-4945-ac40-a4487cc9e24f
	at sun.reflect.NativeConstructorAccessorImpl.newInstance0(Native Method)
	at sun.reflect.NativeConstructorAccessorImpl.newInstance(Unknown Source)
	at sun.reflect.DelegatingConstructorAccessorImpl.newInstance(Unknown Source)
	at java.lang.reflect.Constructor.newInstance(Unknown Source)
	at org.openqa.selenium.remote.ErrorHandler.createThrowable(ErrorHandler.java:206)
	at org.openqa.selenium.remote.ErrorHandler.throwIfResponseFailed(ErrorHandler.java:158)
	at org.openqa.selenium.remote.RemoteWebDriver.execute(RemoteWebDriver.java:678)
	at io.appium.java_client.DefaultGenericMobileDriver.execute(DefaultGenericMobileDriver.java:42)
	at io.appium.java_client.AppiumDriver.execute(AppiumDriver.java:206)
	at io.appium.java_client.AppiumDriver.hideKeyboard(AppiumDriver.java:278)
	at com.magicbricks.pagerepo.RegistrationPage.validRegistration(RegistrationPage.java:51)
	at com.magicbricks.regressiontest.RegistrationScenario.RegistrationScenarioTestTC_02(RegistrationScenario.java:44)
	at sun.reflect.NativeMethodAccessorImpl.invoke0(Native Method)
	at sun.reflect.NativeMethodAccessorImpl.invoke(Unknown Source)
	at sun.reflect.DelegatingMethodAccessorImpl.invoke(Unknown Source)
	at java.lang.reflect.Method.invoke(Unknown Source)
	at org.testng.internal.MethodInvocationHelper.invokeMethod(MethodInvocationHelper.java:86)
	at org.testng.internal.Invoker.invokeMethod(Invoker.java:643)
	at org.testng.internal.Invoker.invokeTestMethod(Invoker.java:820)
	at org.testng.internal.Invoker.invokeTestMethods(Invoker.java:1128)
	at org.testng.internal.TestMethodWorker.invokeTestMethods(TestMethodWorker.java:129)
	at org.testng.internal.TestMethodWorker.run(TestMethodWorker.java:112)
	at org.testng.TestRunner.privateRun(TestRunner.java:782)
	at org.testng.TestRunner.run(TestRunner.java:632)
	at org.testng.SuiteRunner.runTest(SuiteRunner.java:366)
	at org.testng.SuiteRunner.runSequentially(SuiteRunner.java:361)
	at org.testng.SuiteRunner.privateRun(SuiteRunner.java:319)
	at org.testng.SuiteRunner.run(SuiteRunner.java:268)
	at org.testng.SuiteRunnerWorker.runSuite(SuiteRunnerWorker.java:52)
	at org.testng.SuiteRunnerWorker.run(SuiteRunnerWorker.java:86)
	at org.testng.TestNG.runSuitesSequentially(TestNG.java:1244)
	at org.testng.TestNG.runSuitesLocally(TestNG.java:1169)
	at org.testng.TestNG.run(TestNG.java:1064)
	at org.testng.remote.RemoteTestNG.run(RemoteTestNG.java:113)
	at org.testng.remote.RemoteTestNG.initAndRun(RemoteTestNG.java:206)
	at org.testng.remote.RemoteTestNG.main(RemoteTestNG.java:177)
</pre></div></td>
<td>34</td>
<td>com.magicbricks.regressiontest.RegistrationScenario@2d209079</td></tr>
<tr>
<td title='com.magicbricks.regressiontest.FirstWalkThroughNextPageScenario.firstWalkThroughNextPageTestTC_01()'><b>firstWalkThroughNextPageTestTC_01</b><br>Test class: com.magicbricks.regressiontest.FirstWalkThroughNextPageScenario</td>
<td><div><pre>java.lang.AssertionError: expected [Login using Smart Diary or Magicbricks account] but found [Login using Smart Diary or Magicbricks account1]
	at com.magicbricks.regressiontest.FirstWalkThroughNextPageScenario.firstWalkThroughNextPageTestTC_01(FirstWalkThroughNextPageScenario.java:38)
... Removed 25 stack frames</pre></div><a href='#' onClick='toggleBox("stack-trace893504292", this, "Click to show all stack frames", "Click to hide stack frames")'>Click to show all stack frames</a>
<div class='stack-trace' id='stack-trace893504292'><pre>java.lang.AssertionError: expected [Login using Smart Diary or Magicbricks account] but found [Login using Smart Diary or Magicbricks account1]
	at org.testng.Assert.fail(Assert.java:94)
	at com.magicbricks.regressiontest.FirstWalkThroughNextPageScenario.firstWalkThroughNextPageTestTC_01(FirstWalkThroughNextPageScenario.java:38)
	at sun.reflect.NativeMethodAccessorImpl.invoke0(Native Method)
	at sun.reflect.NativeMethodAccessorImpl.invoke(Unknown Source)
	at sun.reflect.DelegatingMethodAccessorImpl.invoke(Unknown Source)
	at java.lang.reflect.Method.invoke(Unknown Source)
	at org.testng.internal.MethodInvocationHelper.invokeMethod(MethodInvocationHelper.java:86)
	at org.testng.internal.Invoker.invokeMethod(Invoker.java:643)
	at org.testng.internal.Invoker.invokeTestMethod(Invoker.java:820)
	at org.testng.internal.Invoker.invokeTestMethods(Invoker.java:1128)
	at org.testng.internal.TestMethodWorker.invokeTestMethods(TestMethodWorker.java:129)
	at org.testng.internal.TestMethodWorker.run(TestMethodWorker.java:112)
	at org.testng.TestRunner.privateRun(TestRunner.java:782)
	at org.testng.TestRunner.run(TestRunner.java:632)
	at org.testng.SuiteRunner.runTest(SuiteRunner.java:366)
	at org.testng.SuiteRunner.runSequentially(SuiteRunner.java:361)
	at org.testng.SuiteRunner.privateRun(SuiteRunner.java:319)
	at org.testng.SuiteRunner.run(SuiteRunner.java:268)
	at org.testng.SuiteRunnerWorker.runSuite(SuiteRunnerWorker.java:52)
	at org.testng.SuiteRunnerWorker.run(SuiteRunnerWorker.java:86)
	at org.testng.TestNG.runSuitesSequentially(TestNG.java:1244)
	at org.testng.TestNG.runSuitesLocally(TestNG.java:1169)
	at org.testng.TestNG.run(TestNG.java:1064)
	at org.testng.remote.RemoteTestNG.run(RemoteTestNG.java:113)
	at org.testng.remote.RemoteTestNG.initAndRun(RemoteTestNG.java:206)
	at org.testng.remote.RemoteTestNG.main(RemoteTestNG.java:177)
</pre></div></td>
<td>8</td>
<td>com.magicbricks.regressiontest.FirstWalkThroughNextPageScenario@2f7c7260</td></tr>
</table><p>
<table width='100%' border='1' class='invocation-passed'>
<tr><td colspan='4' align='center'><b>PASSED TESTS</b></td></tr>
<tr><td><b>Test method</b></td>
<td width="30%"><b>Exception</b></td>
<td width="10%"><b>Time (seconds)</b></td>
<td><b>Instance</b></td>
</tr>
<tr>
<td title='com.magicbricks.regressiontest.RegistrationScenario.RegistrationScenarioTestTC_01()'><b>RegistrationScenarioTestTC_01</b><br>Test class: com.magicbricks.regressiontest.RegistrationScenario</td>
<td></td>
<td>8</td>
<td>com.magicbricks.regressiontest.RegistrationScenario@2d209079</td></tr>
<tr>
<td title='com.magicbricks.regressiontest.FirstWalkThroughPageScenario.firstWalkThroughPageTestTC_01()'><b>firstWalkThroughPageTestTC_01</b><br>Test class: com.magicbricks.regressiontest.FirstWalkThroughPageScenario</td>
<td></td>
<td>6</td>
<td>com.magicbricks.regressiontest.FirstWalkThroughPageScenario@1b0375b3</td></tr>
<tr>
<td title='com.magicbricks.regressiontest.LoginScenario.leadLoadingTC_01()'><b>leadLoadingTC_01</b><br>Test class: com.magicbricks.regressiontest.LoginScenario</td>
<td></td>
<td>36</td>
<td>com.magicbricks.regressiontest.LoginScenario@6bdf28bb</td></tr>
<tr>
<td title='com.magicbricks.regressiontest.LoginScenario.loginTestTC_01()'><b>loginTestTC_01</b><br>Test class: com.magicbricks.regressiontest.LoginScenario</td>
<td></td>
<td>22</td>
<td>com.magicbricks.regressiontest.LoginScenario@6bdf28bb</td></tr>
<tr>
<td title='com.magicbricks.regressiontest.LoginScenario.loginTestTC_02()'><b>loginTestTC_02</b><br>Test class: com.magicbricks.regressiontest.LoginScenario</td>
<td></td>
<td>44</td>
<td>com.magicbricks.regressiontest.LoginScenario@6bdf28bb</td></tr>
<tr>
<td title='com.magicbricks.regressiontest.LoginScenario.profilePageTC_01()'><b>profilePageTC_01</b><br>Test class: com.magicbricks.regressiontest.LoginScenario</td>
<td></td>
<td>5</td>
<td>com.magicbricks.regressiontest.LoginScenario@6bdf28bb</td></tr>
</table><p>
</body>
</html>